<?xml version="1.0" encoding="UTF-8"?>
<testng-results skipped="0" failed="0" ignored="0" total="1" passed="1">
  <reporter-output>
  </reporter-output>
  <suite name="SampleMaven.SMaven.SampleTest" duration-ms="9332" started-at="2019-05-05T06:52:22Z" finished-at="2019-05-05T06:52:32Z">
    <groups>
    </groups>
    <test name="Command line test" duration-ms="9332" started-at="2019-05-05T06:52:22Z" finished-at="2019-05-05T06:52:32Z">
      <class name="SampleMaven.SMaven.SampleTest">
        <test-method status="PASS" signature="Test()[pri:0, instance:SampleMaven.SMaven.SampleTest@3d24753a]" name="Test" duration-ms="9282" started-at="2019-05-05T06:52:22Z" finished-at="2019-05-05T06:52:32Z">
          <reporter-output>
          </reporter-output>
        </test-method> <!-- Test -->
      </class> <!-- SampleMaven.SMaven.SampleTest -->
    </test> <!-- Command line test -->
  </suite> <!-- SampleMaven.SMaven.SampleTest -->
</testng-results>
