<?xml version="1.0" encoding="UTF-8"?>
<testng-results skipped="0" failed="0" ignored="0" total="1" passed="1">
  <reporter-output>
  </reporter-output>
  <suite name="Default suite" duration-ms="8356" started-at="2019-05-05T06:52:54Z" finished-at="2019-05-05T06:53:02Z">
    <groups>
    </groups>
    <test name="Default test" duration-ms="8356" started-at="2019-05-05T06:52:54Z" finished-at="2019-05-05T06:53:02Z">
      <class name="SampleMaven.SMaven.SampleTest">
        <test-method status="PASS" signature="Test()[pri:0, instance:SampleMaven.SMaven.SampleTest@5c7fa833]" name="Test" duration-ms="8324" started-at="2019-05-05T06:52:54Z" finished-at="2019-05-05T06:53:02Z">
          <reporter-output>
          </reporter-output>
        </test-method> <!-- Test -->
      </class> <!-- SampleMaven.SMaven.SampleTest -->
    </test> <!-- Default test -->
  </suite> <!-- Default suite -->
</testng-results>
